<?xml version="1.0" encoding="UTF-8"?>
<testng-results ignored="0" total="1" passed="1" failed="0" skipped="0">
  <reporter-output>
  </reporter-output>
  <suite started-at="2024-06-10T22:15:40 IST" name="Suite1" finished-at="2024-06-10T22:15:48 IST" duration-ms="7654">
    <groups>
    </groups>
    <test started-at="2024-06-10T22:15:40 IST" name="sanity" finished-at="2024-06-10T22:15:48 IST" duration-ms="7654">
      <class name="com.venkat.Testcases.TC_LoginTest_001">
        <test-method is-config="true" signature="setUp(java.lang.String)[pri:0, instance:com.venkat.Testcases.TC_LoginTest_001@7b2bbc3]" started-at="2024-06-10T22:15:40 IST" name="setUp" finished-at="2024-06-10T22:15:46 IST" duration-ms="6047" status="PASS">
          <params>
            <param index="0">
              <value>
                <![CDATA[chrome]]>
              </value>
            </param>
          </params>
          <reporter-output>
          </reporter-output>
        </test-method> <!-- setUp -->
        <test-method signature="loginTest()[pri:0, instance:com.venkat.Testcases.TC_LoginTest_001@7b2bbc3]" started-at="2024-06-10T22:15:46 IST" name="loginTest" finished-at="2024-06-10T22:15:47 IST" duration-ms="1474" status="PASS">
          <reporter-output>
          </reporter-output>
        </test-method> <!-- loginTest -->
        <test-method is-config="true" signature="tearDown()[pri:0, instance:com.venkat.Testcases.TC_LoginTest_001@7b2bbc3]" started-at="2024-06-10T22:15:48 IST" name="tearDown" finished-at="2024-06-10T22:15:48 IST" duration-ms="114" status="PASS">
          <reporter-output>
          </reporter-output>
        </test-method> <!-- tearDown -->
      </class> <!-- com.venkat.Testcases.TC_LoginTest_001 -->
    </test> <!-- sanity -->
  </suite> <!-- Suite1 -->
</testng-results>
